Error: NetworkManager is not running.
[1;31mWarning: You cannot collect without storeconfigs being set on line 25 in file /var/tmp/packstack/97d66569c2124127870bfe214d8020eb/manifests/10.145.96.11_ring_swift.pp[0m
[1;31mWarning: You cannot collect without storeconfigs being set on line 29 in file /var/tmp/packstack/97d66569c2124127870bfe214d8020eb/manifests/10.145.96.11_ring_swift.pp[0m
[1;31mWarning: You cannot collect without storeconfigs being set on line 33 in file /var/tmp/packstack/97d66569c2124127870bfe214d8020eb/manifests/10.145.96.11_ring_swift.pp[0m
[1;31mWarning: Variable access via 'use_chroot' is deprecated. Use '@use_chroot' instead. template[/var/tmp/packstack/97d66569c2124127870bfe214d8020eb/modules/rsync/templates/header.erb]:7
   (at /var/tmp/packstack/97d66569c2124127870bfe214d8020eb/modules/rsync/templates/header.erb:7:in `block in result')[0m
[1;31mWarning: Variable access via 'address' is deprecated. Use '@address' instead. template[/var/tmp/packstack/97d66569c2124127870bfe214d8020eb/modules/rsync/templates/header.erb]:11
   (at /var/tmp/packstack/97d66569c2124127870bfe214d8020eb/modules/rsync/templates/header.erb:11:in `block in result')[0m
[1;31mWarning: Variable access via 'motd_file' is deprecated. Use '@motd_file' instead. template[/var/tmp/packstack/97d66569c2124127870bfe214d8020eb/modules/rsync/templates/header.erb]:12
   (at /var/tmp/packstack/97d66569c2124127870bfe214d8020eb/modules/rsync/templates/header.erb:12:in `block in result')[0m
[1;31mWarning: Variable access via 'name' is deprecated. Use '@name' instead. template[/var/tmp/packstack/97d66569c2124127870bfe214d8020eb/modules/rsync/templates/module.erb]:4
   (at /var/tmp/packstack/97d66569c2124127870bfe214d8020eb/modules/rsync/templates/module.erb:4:in `block in result')[0m
[1;31mWarning: Variable access via 'path' is deprecated. Use '@path' instead. template[/var/tmp/packstack/97d66569c2124127870bfe214d8020eb/modules/rsync/templates/module.erb]:5
   (at /var/tmp/packstack/97d66569c2124127870bfe214d8020eb/modules/rsync/templates/module.erb:5:in `block in result')[0m
[1;31mWarning: Variable access via 'read_only' is deprecated. Use '@read_only' instead. template[/var/tmp/packstack/97d66569c2124127870bfe214d8020eb/modules/rsync/templates/module.erb]:6
   (at /var/tmp/packstack/97d66569c2124127870bfe214d8020eb/modules/rsync/templates/module.erb:6:in `block in result')[0m
[1;31mWarning: Variable access via 'write_only' is deprecated. Use '@write_only' instead. template[/var/tmp/packstack/97d66569c2124127870bfe214d8020eb/modules/rsync/templates/module.erb]:7
   (at /var/tmp/packstack/97d66569c2124127870bfe214d8020eb/modules/rsync/templates/module.erb:7:in `block in result')[0m
[1;31mWarning: Variable access via 'list' is deprecated. Use '@list' instead. template[/var/tmp/packstack/97d66569c2124127870bfe214d8020eb/modules/rsync/templates/module.erb]:8
   (at /var/tmp/packstack/97d66569c2124127870bfe214d8020eb/modules/rsync/templates/module.erb:8:in `block in result')[0m
[1;31mWarning: Variable access via 'uid' is deprecated. Use '@uid' instead. template[/var/tmp/packstack/97d66569c2124127870bfe214d8020eb/modules/rsync/templates/module.erb]:9
   (at /var/tmp/packstack/97d66569c2124127870bfe214d8020eb/modules/rsync/templates/module.erb:9:in `block in result')[0m
[1;31mWarning: Variable access via 'gid' is deprecated. Use '@gid' instead. template[/var/tmp/packstack/97d66569c2124127870bfe214d8020eb/modules/rsync/templates/module.erb]:10
   (at /var/tmp/packstack/97d66569c2124127870bfe214d8020eb/modules/rsync/templates/module.erb:10:in `block in result')[0m
[1;31mWarning: Variable access via 'incoming_chmod' is deprecated. Use '@incoming_chmod' instead. template[/var/tmp/packstack/97d66569c2124127870bfe214d8020eb/modules/rsync/templates/module.erb]:11
   (at /var/tmp/packstack/97d66569c2124127870bfe214d8020eb/modules/rsync/templates/module.erb:11:in `block in result')[0m
[1;31mWarning: Variable access via 'outgoing_chmod' is deprecated. Use '@outgoing_chmod' instead. template[/var/tmp/packstack/97d66569c2124127870bfe214d8020eb/modules/rsync/templates/module.erb]:12
   (at /var/tmp/packstack/97d66569c2124127870bfe214d8020eb/modules/rsync/templates/module.erb:12:in `block in result')[0m
[1;31mWarning: Variable access via 'max_connections' is deprecated. Use '@max_connections' instead. template[/var/tmp/packstack/97d66569c2124127870bfe214d8020eb/modules/rsync/templates/module.erb]:13
   (at /var/tmp/packstack/97d66569c2124127870bfe214d8020eb/modules/rsync/templates/module.erb:13:in `block in result')[0m
[1;31mWarning: Variable access via 'max_connections' is deprecated. Use '@max_connections' instead. template[/var/tmp/packstack/97d66569c2124127870bfe214d8020eb/modules/rsync/templates/module.erb]:14
   (at /var/tmp/packstack/97d66569c2124127870bfe214d8020eb/modules/rsync/templates/module.erb:14:in `block in result')[0m
[1;31mWarning: Variable access via 'comment' is deprecated. Use '@comment' instead. template[/var/tmp/packstack/97d66569c2124127870bfe214d8020eb/modules/rsync/templates/module.erb]:15
   (at /var/tmp/packstack/97d66569c2124127870bfe214d8020eb/modules/rsync/templates/module.erb:15:in `block in result')[0m
[1;31mWarning: Variable access via 'secrets_file' is deprecated. Use '@secrets_file' instead. template[/var/tmp/packstack/97d66569c2124127870bfe214d8020eb/modules/rsync/templates/module.erb]:16
   (at /var/tmp/packstack/97d66569c2124127870bfe214d8020eb/modules/rsync/templates/module.erb:16:in `block in result')[0m
[1;31mWarning: Variable access via 'auth_users' is deprecated. Use '@auth_users' instead. template[/var/tmp/packstack/97d66569c2124127870bfe214d8020eb/modules/rsync/templates/module.erb]:17
   (at /var/tmp/packstack/97d66569c2124127870bfe214d8020eb/modules/rsync/templates/module.erb:17:in `block in result')[0m
[1;31mWarning: Variable access via 'hosts_allow' is deprecated. Use '@hosts_allow' instead. template[/var/tmp/packstack/97d66569c2124127870bfe214d8020eb/modules/rsync/templates/module.erb]:18
   (at /var/tmp/packstack/97d66569c2124127870bfe214d8020eb/modules/rsync/templates/module.erb:18:in `block in result')[0m
[1;31mWarning: Variable access via 'hosts_deny' is deprecated. Use '@hosts_deny' instead. template[/var/tmp/packstack/97d66569c2124127870bfe214d8020eb/modules/rsync/templates/module.erb]:19
   (at /var/tmp/packstack/97d66569c2124127870bfe214d8020eb/modules/rsync/templates/module.erb:19:in `block in result')[0m
[mNotice: Compiled catalog for controller in environment production in 1.14 seconds[0m
[1;31mWarning: The package type's allow_virtual parameter will be changing its default value from false to true in a future release. If you do not want to allow virtual packages, please explicitly set allow_virtual to false.
   (at /usr/share/ruby/vendor_ruby/puppet/type.rb:816:in `set_default')[0m
[mNotice: Finished catalog run in 5.80 seconds[0m
