Error: NetworkManager is not running.
[mNotice: Compiled catalog for controller in environment production in 1.47 seconds[0m
[1;31mWarning: The package type's allow_virtual parameter will be changing its default value from false to true in a future release. If you do not want to allow virtual packages, please explicitly set allow_virtual to false.
   (at /usr/share/ruby/vendor_ruby/puppet/type.rb:816:in `set_default')[0m
[mNotice: /Stage[main]/Ceilometer::Agent::Notification/Package[openstack-ceilometer-notification]/ensure: created[0m
[mNotice: /Stage[main]/Ceilometer::Collector/Package[openstack-ceilometer-collector]/ensure: created[0m
[mNotice: /Stage[main]/Ceilometer::Agent::Central/Package[ceilometer-agent-central]/ensure: created[0m
[mNotice: /Stage[main]/Ceilometer/File[/etc/ceilometer/]/owner: owner changed 'root' to 'ceilometer'[0m
[mNotice: /Stage[main]/Ceilometer/File[/etc/ceilometer/]/group: group changed 'root' to 'ceilometer'[0m
[mNotice: /Stage[main]/Ceilometer/File[/etc/ceilometer/]/mode: mode changed '0755' to '0750'[0m
[mNotice: /Stage[main]/Ceilometer::Api/Package[ceilometer-api]/ensure: created[0m
[mNotice: /Stage[main]/Ceilometer::Agent::Auth/Ceilometer_config[service_credentials/os_username]/ensure: created[0m
[mNotice: /Stage[main]/Ceilometer::Agent::Auth/Ceilometer_config[service_credentials/os_tenant_name]/ensure: created[0m
[mNotice: /Stage[main]/Ceilometer::Api/Ceilometer_config[keystone_authtoken/auth_host]/ensure: created[0m
[mNotice: /Stage[main]/Ceilometer::Agent::Notification/Ceilometer_config[notification/ack_on_event_error]/ensure: created[0m
[mNotice: /Stage[main]/Ceilometer/Ceilometer_config[DEFAULT/rpc_backend]/ensure: created[0m
[mNotice: /Stage[main]/Ceilometer/Ceilometer_config[DEFAULT/rabbit_host]/ensure: created[0m
[mNotice: /Stage[main]/Ceilometer::Alarm::Evaluator/Ceilometer_config[alarm/evaluation_service]/ensure: created[0m
[mNotice: /Stage[main]/Ceilometer::Agent::Central/Ceilometer_config[coordination/backend_url]/ensure: created[0m
[mNotice: /Stage[main]/Ceilometer/Ceilometer_config[DEFAULT/notification_topics]/ensure: created[0m
[mNotice: /Stage[main]/Ceilometer::Agent::Auth/Ceilometer_config[service_credentials/os_auth_url]/ensure: created[0m
[mNotice: /Stage[main]/Ceilometer/Ceilometer_config[DEFAULT/use_syslog]/ensure: created[0m
[mNotice: /Stage[main]/Ceilometer/Ceilometer_config[DEFAULT/rabbit_virtual_host]/ensure: created[0m
[mNotice: /Stage[main]/Ceilometer/Ceilometer_config[DEFAULT/rabbit_userid]/ensure: created[0m
[mNotice: /Stage[main]/Ceilometer::Alarm::Evaluator/Ceilometer_config[alarm/record_history]/ensure: created[0m
[mNotice: /Stage[main]/Ceilometer::Alarm::Evaluator/Ceilometer_config[alarm/evaluation_interval]/ensure: created[0m
[mNotice: /Stage[main]/Ceilometer::Agent::Auth/Ceilometer_config[service_credentials/os_region_name]/ensure: created[0m
[mNotice: /Stage[main]/Ceilometer::Agent::Notification/Ceilometer_config[notification/store_events]/ensure: created[0m
[mNotice: /Stage[main]/Ceilometer::Api/Ceilometer_config[keystone_authtoken/auth_uri]/ensure: created[0m
[mNotice: /Stage[main]/Ceilometer/Ceilometer_config[DEFAULT/rabbit_ha_queues]/ensure: created[0m
[mNotice: /Stage[main]/Ceilometer::Api/Ceilometer_config[keystone_authtoken/auth_protocol]/ensure: created[0m
[mNotice: /Stage[main]/Ceilometer/Ceilometer_config[DEFAULT/rabbit_hosts]/ensure: created[0m
[mNotice: /Stage[main]/Ceilometer/Ceilometer_config[DEFAULT/log_dir]/ensure: created[0m
[mNotice: /Stage[main]/Ceilometer/Ceilometer_config[DEFAULT/verbose]/ensure: created[0m
[mNotice: /Stage[main]/Ceilometer::Api/Ceilometer_config[api/host]/ensure: created[0m
[mNotice: /Stage[main]/Ceilometer/Ceilometer_config[DEFAULT/rabbit_password]/ensure: created[0m
[mNotice: /Stage[main]/Ceilometer::Api/Ceilometer_config[keystone_authtoken/admin_user]/ensure: created[0m
[mNotice: /Stage[main]/Ceilometer::Alarm::Evaluator/Ceilometer_config[alarm/partition_rpc_topic]/ensure: created[0m
[mNotice: /Stage[main]/Ceilometer/Ceilometer_config[DEFAULT/rabbit_use_ssl]/ensure: created[0m
[mNotice: /Stage[main]/Ceilometer::Api/Ceilometer_config[keystone_authtoken/admin_tenant_name]/ensure: created[0m
[mNotice: /Stage[main]/Ceilometer::Agent::Auth/Ceilometer_config[service_credentials/os_password]/ensure: created[0m
[mNotice: /Stage[main]/Ceilometer::Api/Ceilometer_config[keystone_authtoken/admin_password]/ensure: created[0m
[mNotice: /Stage[main]/Ceilometer::Alarm::Notifier/Package[openstack-ceilometer-alarm]/ensure: created[0m
[mNotice: /Stage[main]/Ceilometer::Db/Ceilometer_config[database/connection]/ensure: created[0m
[mNotice: /Stage[main]/Ceilometer::Db/Exec[ceilometer-dbsync]: Triggered 'refresh' from 2 events[0m
[mNotice: /Stage[main]/Ceilometer/Ceilometer_config[DEFAULT/debug]/ensure: created[0m
[mNotice: /Stage[main]/Ceilometer::Api/Ceilometer_config[api/port]/ensure: created[0m
[mNotice: /Stage[main]/Ceilometer::Api/Ceilometer_config[keystone_authtoken/auth_port]/ensure: created[0m
[mNotice: /Stage[main]/Ceilometer/File[/etc/ceilometer/ceilometer.conf]/owner: owner changed 'root' to 'ceilometer'[0m
[mNotice: /Stage[main]/Main/Packstack::Firewall[ceilometer_api]/Firewall[001 ceilometer-api incoming ceilometer_api]/ensure: created[0m
[mNotice: /Stage[main]/Ceilometer/Ceilometer_config[publisher/metering_secret]/ensure: created[0m
[mNotice: /Stage[main]/Ceilometer/Ceilometer_config[DEFAULT/rabbit_port]/ensure: created[0m
[mNotice: /Stage[main]/Ceilometer::Agent::Notification/Service[ceilometer-agent-notification]/ensure: ensure changed 'stopped' to 'running'[0m
[mNotice: /Stage[main]/Ceilometer::Collector/Service[ceilometer-collector]/ensure: ensure changed 'stopped' to 'running'[0m
[mNotice: /Stage[main]/Ceilometer::Agent::Central/Service[ceilometer-agent-central]/ensure: ensure changed 'stopped' to 'running'[0m
[mNotice: /Stage[main]/Ceilometer::Alarm::Notifier/Service[ceilometer-alarm-notifier]/ensure: ensure changed 'stopped' to 'running'[0m
[mNotice: /Stage[main]/Ceilometer::Api/Service[ceilometer-api]/ensure: ensure changed 'stopped' to 'running'[0m
[mNotice: /Stage[main]/Ceilometer::Alarm::Evaluator/Service[ceilometer-alarm-evaluator]/ensure: ensure changed 'stopped' to 'running'[0m
[mNotice: Finished catalog run in 106.59 seconds[0m
